\BOOKMARK [1][-]{section.1}{Introduction}{}% 1
\BOOKMARK [1][-]{section.2}{Theory}{}% 2
\BOOKMARK [1][-]{section.3}{Methods}{}% 3
\BOOKMARK [2][-]{subsection.3.1}{Host-Guest Systems}{section.3}% 4
\BOOKMARK [2][-]{subsection.3.2}{Simulation Protocol}{section.3}% 5
\BOOKMARK [2][-]{subsection.3.3}{Simulation Code and Parameters}{section.3}% 6
\BOOKMARK [2][-]{subsection.3.4}{Free Energy Estimation}{section.3}% 7
\BOOKMARK [1][-]{section.4}{Results}{}% 8
\BOOKMARK [2][-]{subsection.4.1}{Unpolar CNT / Methane}{section.4}% 9
\BOOKMARK [2][-]{subsection.4.2}{Unpolar CNT / Multiatomic Ligand}{section.4}% 10
\BOOKMARK [2][-]{subsection.4.3}{Polar CNT / Unpolar Ligand}{section.4}% 11
\BOOKMARK [2][-]{subsection.4.4}{Polar CNT / Dipolar Ligand}{section.4}% 12
\BOOKMARK [2][-]{subsection.4.5}{Cyclodextrin / Alcohols}{section.4}% 13
\BOOKMARK [1][-]{section.5}{Discussion}{}% 14
\BOOKMARK [2][-]{subsection.5.1}{Enforcing PMF Periodicity}{section.5}% 15
\BOOKMARK [2][-]{subsection.5.2}{Influence of the Host's / Ligand's Flexibility}{section.5}% 16
\BOOKMARK [1][-]{section.6}{Conclusions}{}% 17
\BOOKMARK [1][-]{section.7}{Author Contributions}{}% 18
\BOOKMARK [1][-]{section.8}{Other Contributions}{}% 19
\BOOKMARK [1][-]{section.9}{Potentially Conflicting Interests}{}% 20
\BOOKMARK [1][-]{section.10}{Funding Information}{}% 21
